[    0.000000] Linux version 4.15.0-166-generic (buildd@lgw01-amd64-012) (gcc version 7.5.0 (Ubuntu 7.5.0-3ubuntu1~18.04)) #174-Ubuntu SMP Wed Dec 8 19:07:44 UTC 2021 (Ubuntu 4.15.0-166.174-generic 4.15.18)
[    0.000000] Command line: BOOT_IMAGE=/boot/vmlinuz-4.15.0-166-generic root=LABEL=cloudimg-rootfs ro console=tty1 console=ttyS0
[    0.000000] KERNEL supported cpus:
[    0.000000]   Intel GenuineIntel
[    0.000000]   AMD AuthenticAMD
[    0.000000]   Centaur CentaurHauls
[    0.000000] x86/fpu: Supporting XSAVE feature 0x001: 'x87 floating point registers'
[    0.000000] x86/fpu: Supporting XSAVE feature 0x002: 'SSE registers'
[    0.000000] x86/fpu: Supporting XSAVE feature 0x004: 'AVX registers'
[    0.000000] x86/fpu: xstate_offset[2]:  576, xstate_sizes[2]:  256
[    0.000000] x86/fpu: Enabled xstate features 0x7, context size is 832 bytes, using 'standard' format.
[    0.000000] e820: BIOS-provided physical RAM map:
[    0.000000] BIOS-e820: [mem 0x0000000000000000-0x000000000009fbff] usable
[    0.000000] BIOS-e820: [mem 0x000000000009fc00-0x000000000009ffff] reserved
[    0.000000] BIOS-e820: [mem 0x00000000000f0000-0x00000000000fffff] reserved
[    0.000000] BIOS-e820: [mem 0x0000000000100000-0x000000007ffeffff] usable
[    0.000000] BIOS-e820: [mem 0x000000007fff0000-0x000000007fffffff] ACPI data
[    0.000000] BIOS-e820: [mem 0x00000000fec00000-0x00000000fec00fff] reserved
[    0.000000] BIOS-e820: [mem 0x00000000fee00000-0x00000000fee00fff] reserved
[    0.000000] BIOS-e820: [mem 0x00000000fffc0000-0x00000000ffffffff] reserved
[    0.000000] NX (Execute Disable) protection: active
[    0.000000] SMBIOS 2.5 present.
[    0.000000] DMI: innotek GmbH VirtualBox/VirtualBox, BIOS VirtualBox 12/01/2006
[    0.000000] Hypervisor detected: KVM
[    0.000000] e820: last_pfn = 0x7fff0 max_arch_pfn = 0x400000000
[    0.000000] MTRR: Disabled
[    0.000000] x86/PAT: MTRRs disabled, skipping PAT initialization too.
[    0.000000] CPU MTRRs all blank - virtualized system.
[    0.000000] x86/PAT: Configuration [0-7]: WB  WT  UC- UC  WB  WT  UC- UC  
[    0.000000] found SMP MP-table at [mem 0x0009fff0-0x0009ffff]
[    0.000000] Scanning 1 areas for low memory corruption
[    0.000000] RAMDISK: [mem 0x359cf000-0x36cdefff]
[    0.000000] ACPI: Early table checksum verification disabled
[    0.000000] ACPI: RSDP 0x00000000000E0000 000024 (v02 VBOX  )
[    0.000000] ACPI: XSDT 0x000000007FFF0030 00003C (v01 VBOX   VBOXXSDT 00000001 ASL  00000061)
[    0.000000] ACPI: FACP 0x000000007FFF00F0 0000F4 (v04 VBOX   VBOXFACP 00000001 ASL  00000061)
[    0.000000] ACPI: DSDT 0x000000007FFF0470 002325 (v02 VBOX   VBOXBIOS 00000002 INTL 20190509)
[    0.000000] ACPI: FACS 0x000000007FFF0200 000040
[    0.000000] ACPI: FACS 0x000000007FFF0200 000040
[    0.000000] ACPI: APIC 0x000000007FFF0240 00005C (v02 VBOX   VBOXAPIC 00000001 ASL  00000061)
[    0.000000] ACPI: SSDT 0x000000007FFF02A0 0001CC (v01 VBOX   VBOXCPUT 00000002 INTL 20190509)
[    0.000000] ACPI: Reserving FACP table memory at [mem 0x7fff00f0-0x7fff01e3]
[    0.000000] ACPI: Reserving DSDT table memory at [mem 0x7fff0470-0x7fff2794]
[    0.000000] ACPI: Reserving FACS table memory at [mem 0x7fff0200-0x7fff023f]
[    0.000000] ACPI: Reserving FACS table memory at [mem 0x7fff0200-0x7fff023f]
[    0.000000] ACPI: Reserving APIC table memory at [mem 0x7fff0240-0x7fff029b]
[    0.000000] ACPI: Reserving SSDT table memory at [mem 0x7fff02a0-0x7fff046b]
[    0.000000] No NUMA configuration found
[    0.000000] Faking a node at [mem 0x0000000000000000-0x000000007ffeffff]
[    0.000000] NODE_DATA(0) allocated [mem 0x7ffc5000-0x7ffeffff]
[    0.000000] kvm-clock: cpu 0, msr 0:7ff44001, primary cpu clock
[    0.000000] kvm-clock: Using msrs 4b564d01 and 4b564d00
[    0.000000] kvm-clock: using sched offset of 3352370125 cycles
[    0.000000] clocksource: kvm-clock: mask: 0xffffffffffffffff max_cycles: 0x1cd42e4dffb, max_idle_ns: 881590591483 ns
[    0.000000] Zone ranges:
[    0.000000]   DMA      [mem 0x0000000000001000-0x0000000000ffffff]
[    0.000000]   DMA32    [mem 0x0000000001000000-0x000000007ffeffff]
[    0.000000]   Normal   empty
[    0.000000]   Device   empty
[    0.000000] Movable zone start for each node
[    0.000000] Early memory node ranges
[    0.000000]   node   0: [mem 0x0000000000001000-0x000000000009efff]
[    0.000000]   node   0: [mem 0x0000000000100000-0x000000007ffeffff]
[    0.000000] Reserved but unavailable: 104 pages
[    0.000000] Initmem setup node 0 [mem 0x0000000000001000-0x000000007ffeffff]
[    0.000000] ACPI: PM-Timer IO Port: 0x4008
[    0.000000] IOAPIC[0]: apic_id 2, version 32, address 0xfec00000, GSI 0-23
[    0.000000] ACPI: INT_SRC_OVR (bus 0 bus_irq 0 global_irq 2 dfl dfl)
[    0.000000] ACPI: INT_SRC_OVR (bus 0 bus_irq 9 global_irq 9 low level)
[    0.000000] Using ACPI (MADT) for SMP configuration information
[    0.000000] smpboot: Allowing 2 CPUs, 0 hotplug CPUs
[    0.000000] PM: Registered nosave memory: [mem 0x00000000-0x00000fff]
[    0.000000] PM: Registered nosave memory: [mem 0x0009f000-0x0009ffff]
[    0.000000] PM: Registered nosave memory: [mem 0x000a0000-0x000effff]
[    0.000000] PM: Registered nosave memory: [mem 0x000f0000-0x000fffff]
[    0.000000] e820: [mem 0x80000000-0xfebfffff] available for PCI devices
[    0.000000] Booting paravirtualized kernel on KVM
[    0.000000] clocksource: refined-jiffies: mask: 0xffffffff max_cycles: 0xffffffff, max_idle_ns: 7645519600211568 ns
[    0.000000] random: get_random_bytes called from start_kernel+0x99/0x500 with crng_init=0
[    0.000000] setup_percpu: NR_CPUS:8192 nr_cpumask_bits:2 nr_cpu_ids:2 nr_node_ids:1
[    0.000000] percpu: Embedded 45 pages/cpu s147456 r8192 d28672 u1048576
[    0.000000] PV qspinlock hash table entries: 256 (order: 0, 4096 bytes)
[    0.000000] Built 1 zonelists, mobility grouping on.  Total pages: 515961
[    0.000000] Policy zone: DMA32
[    0.000000] Kernel command line: BOOT_IMAGE=/boot/vmlinuz-4.15.0-166-generic root=LABEL=cloudimg-rootfs ro console=tty1 console=ttyS0
[    0.000000] Memory: 2014908K/2096696K available (12300K kernel code, 2483K rwdata, 4320K rodata, 2448K init, 2724K bss, 81788K reserved, 0K cma-reserved)
[    0.000000] SLUB: HWalign=64, Order=0-3, MinObjects=0, CPUs=2, Nodes=1
[    0.000000] Kernel/User page tables isolation: enabled
[    0.000000] ftrace: allocating 39491 entries in 155 pages
[    0.004000] Hierarchical RCU implementation.
[    0.004000] 	RCU restricting CPUs from NR_CPUS=8192 to nr_cpu_ids=2.
[    0.004000] 	Tasks RCU enabled.
[    0.004000] RCU: Adjusting geometry for rcu_fanout_leaf=16, nr_cpu_ids=2
[    0.004000] NR_IRQS: 524544, nr_irqs: 440, preallocated irqs: 16
[    0.004000] Console: colour VGA+ 80x25
[    0.004000] console [tty1] enabled
[    0.004000] console [ttyS0] enabled
[    0.004000] ACPI: Core revision 20170831
[    0.004000] ACPI: 2 ACPI AML tables successfully acquired and loaded
[    0.004000] APIC: Switch to symmetric I/O mode setup
[    0.004000] x2apic enabled
[    0.004000] Switched APIC routing to physical x2apic.
[    0.004000] ..TIMER: vector=0x30 apic1=0 pin1=2 apic2=-1 pin2=-1
[    0.004000] tsc: Detected 1992.004 MHz processor
[    0.004000] Calibrating delay loop (skipped) preset value.. 3984.00 BogoMIPS (lpj=7968016)
[    0.004004] pid_max: default: 32768 minimum: 301
[    0.004636] Security Framework initialized
[    0.005126] Yama: becoming mindful.
[    0.005568] AppArmor: AppArmor initialized
[    0.006785] Dentry cache hash table entries: 262144 (order: 9, 2097152 bytes)
[    0.008555] Inode-cache hash table entries: 131072 (order: 8, 1048576 bytes)
[    0.009524] Mount-cache hash table entries: 4096 (order: 3, 32768 bytes)
[    0.010489] Mountpoint-cache hash table entries: 4096 (order: 3, 32768 bytes)
[    0.012204] Last level iTLB entries: 4KB 64, 2MB 8, 4MB 8
[    0.012929] Last level dTLB entries: 4KB 64, 2MB 0, 4MB 0, 1GB 4
[    0.013729] Spectre V1 : Mitigation: usercopy/swapgs barriers and __user pointer sanitization
[    0.014936] Spectre V2 : Mitigation: Full generic retpoline
[    0.015694] Spectre V2 : Spectre v2 / SpectreRSB mitigation: Filling RSB on context switch
[    0.016001] Speculative Store Bypass: Vulnerable
[    0.016607] SRBDS: Unknown: Dependent on hypervisor status
[    0.017271] MDS: Mitigation: Clear CPU buffers
[    0.018043] Freeing SMP alternatives memory: 36K
[    0.129293] smpboot: CPU0: Intel(R) Core(TM) i7-8565U CPU @ 1.80GHz (family: 0x6, model: 0x8e, stepping: 0xc)
[    0.130650] Performance Events: unsupported p6 CPU model 142 no PMU driver, software events only.
[    0.131750] Hierarchical SRCU implementation.
[    0.132000] NMI watchdog: Perf event create on CPU 0 failed with -2
[    0.132001] NMI watchdog: Perf NMI watchdog permanently disabled
[    0.132718] smp: Bringing up secondary CPUs ...
[    0.133388] x86: Booting SMP configuration:
[    0.133893] .... node  #0, CPUs:      #1
[    0.004000] kvm-clock: cpu 1, msr 0:7ff44041, secondary cpu clock
[    0.136015] smp: Brought up 1 node, 2 CPUs
[    0.136499] smpboot: Max logical packages: 1
[    0.137006] smpboot: Total of 2 processors activated (7968.01 BogoMIPS)
[    0.137858] devtmpfs: initialized
[    0.140053] x86/mm: Memory block size: 128MB
[    0.140817] evm: security.selinux
[    0.141383] evm: security.SMACK64
[    0.141939] evm: security.SMACK64EXEC
[    0.142474] evm: security.SMACK64TRANSMUTE
[    0.143068] evm: security.SMACK64MMAP
[    0.143606] evm: security.apparmor
[    0.144002] evm: security.ima
[    0.144442] evm: security.capability
[    0.145027] clocksource: jiffies: mask: 0xffffffff max_cycles: 0xffffffff, max_idle_ns: 7645041785100000 ns
[    0.145359] futex hash table entries: 512 (order: 3, 32768 bytes)
[    0.146205] pinctrl core: initialized pinctrl subsystem
[    0.148081] RTC time: 12:16:32, date: 01/16/22
[    0.148921] NET: Registered protocol family 16
[    0.149661] audit: initializing netlink subsys (disabled)
[    0.150411] audit: type=2000 audit(1642335397.607:1): state=initialized audit_enabled=0 res=1
[    0.152008] cpuidle: using governor ladder
[    0.152661] cpuidle: using governor menu
[    0.153183] ACPI: bus type PCI registered
[    0.153749] acpiphp: ACPI Hot Plug PCI Controller Driver version: 0.5
[    0.154542] PCI: Using configuration type 1 for base access
[    0.156629] HugeTLB registered 2.00 MiB page size, pre-allocated 0 pages
[    0.156902] ACPI: Added _OSI(Module Device)
[    0.156902] ACPI: Added _OSI(Processor Device)
[    0.157183] ACPI: Added _OSI(3.0 _SCP Extensions)
[    0.157740] ACPI: Added _OSI(Processor Aggregator Device)
[    0.160002] ACPI: Added _OSI(Linux-Dell-Video)
[    0.160691] ACPI: Added _OSI(Linux-Lenovo-NV-HDMI-Audio)
[    0.161463] ACPI: Added _OSI(Linux-HPI-Hybrid-Graphics)
[    0.162329] ACPI: Executed 1 blocks of module-level executable AML code
[    0.165742] ACPI: Interpreter enabled
[    0.166205] ACPI: (supports S0 S5)
[    0.166625] ACPI: Using IOAPIC for interrupt routing
[    0.167565] PCI: Using host bridge windows from ACPI; if necessary, use "pci=nocrs" and report a bug
[    0.168133] ACPI: Enabled 2 GPEs in block 00 to 07
[    0.174446] ACPI: PCI Root Bridge [PCI0] (domain 0000 [bus 00-ff])
[    0.175253] acpi PNP0A03:00: _OSC: OS supports [ASPM ClockPM Segments MSI]
[    0.176453] acpi PNP0A03:00: _OSC: not requesting OS control; OS requires [ExtendedConfig ASPM ClockPM MSI]
[    0.177738] acpi PNP0A03:00: fail to add MMCONFIG information, can't access extended PCI configuration space under this bridge.
[    0.180248] PCI host bridge to bus 0000:00
[    0.180739] pci_bus 0000:00: root bus resource [io  0x0000-0x0cf7 window]
[    0.181637] pci_bus 0000:00: root bus resource [io  0x0d00-0xffff window]
[    0.182410] pci_bus 0000:00: root bus resource [mem 0x000a0000-0x000bffff window]
[    0.183814] pci_bus 0000:00: root bus resource [mem 0x80000000-0xfdffffff window]
[    0.184002] pci_bus 0000:00: root bus resource [bus 00-ff]
[    0.186323] pci 0000:00:01.1: legacy IDE quirk: reg 0x10: [io  0x01f0-0x01f7]
[    0.187126] pci 0000:00:01.1: legacy IDE quirk: reg 0x14: [io  0x03f6]
[    0.188002] pci 0000:00:01.1: legacy IDE quirk: reg 0x18: [io  0x0170-0x0177]
[    0.188926] pci 0000:00:01.1: legacy IDE quirk: reg 0x1c: [io  0x0376]
[    0.208537] pci 0000:00:07.0: quirk: [io  0x4000-0x403f] claimed by PIIX4 ACPI
[    0.209572] pci 0000:00:07.0: quirk: [io  0x4100-0x410f] claimed by PIIX4 SMB
[    0.221205] ACPI: PCI Interrupt Link [LNKA] (IRQs 5 9 10 *11)
[    0.222180] ACPI: PCI Interrupt Link [LNKB] (IRQs 5 9 *10 11)
[    0.222924] ACPI: PCI Interrupt Link [LNKC] (IRQs 5 *9 10 11)
[    0.223661] ACPI: PCI Interrupt Link [LNKD] (IRQs 5 9 10 *11)
[    0.224272] SCSI subsystem initialized
[    0.224817] pci 0000:00:02.0: vgaarb: setting as boot VGA device
[    0.224817] pci 0000:00:02.0: vgaarb: VGA device added: decodes=io+mem,owns=io+mem,locks=none
[    0.225707] pci 0000:00:02.0: vgaarb: bridge control possible
[    0.226371] vgaarb: loaded
[    0.228027] ACPI: bus type USB registered
[    0.228541] usbcore: registered new interface driver usbfs
[    0.229232] usbcore: registered new interface driver hub
[    0.229860] usbcore: registered new device driver usb
[    0.230510] EDAC MC: Ver: 3.0.0
[    0.230510] PCI: Using ACPI for IRQ routing
[    0.232023] NetLabel: Initializing
[    0.232451] NetLabel:  domain hash size = 128
[    0.233016] NetLabel:  protocols = UNLABELED CIPSOv4 CALIPSO
[    0.233689] NetLabel:  unlabeled traffic allowed by default
[    0.234350] clocksource: Switched to clocksource kvm-clock
[    0.241333] VFS: Disk quotas dquot_6.6.0
[    0.241922] VFS: Dquot-cache hash table entries: 512 (order 0, 4096 bytes)
[    0.242849] AppArmor: AppArmor Filesystem Enabled
[    0.243494] pnp: PnP ACPI init
[    0.244638] pnp: PnP ACPI: found 3 devices
[    0.252860] clocksource: acpi_pm: mask: 0xffffff max_cycles: 0xffffff, max_idle_ns: 2085701024 ns
[    0.254441] NET: Registered protocol family 2
[    0.255090] IP idents hash table entries: 32768 (order: 6, 262144 bytes)
[    0.256240] TCP established hash table entries: 16384 (order: 5, 131072 bytes)
[    0.257268] TCP bind hash table entries: 16384 (order: 6, 262144 bytes)
[    0.258981] TCP: Hash tables configured (established 16384 bind 16384)
[    0.259872] UDP hash table entries: 1024 (order: 3, 32768 bytes)
[    0.260704] UDP-Lite hash table entries: 1024 (order: 3, 32768 bytes)
[    0.261736] NET: Registered protocol family 1
[    0.262381] pci 0000:00:00.0: Limiting direct PCI/PCI transfers
[    0.263209] pci 0000:00:01.0: Activating ISA DMA hang workarounds
[    0.264074] pci 0000:00:02.0: Video device with shadowed ROM at [mem 0x000c0000-0x000dffff]
[    0.265157] Unpacking initramfs...
[    0.507534] Freeing initrd memory: 19520K
[    0.508372] clocksource: tsc: mask: 0xffffffffffffffff max_cycles: 0x396d59a56c3, max_idle_ns: 881590573781 ns
[    0.509755] platform rtc_cmos: registered platform RTC device (no PNP device found)
[    0.510856] Scanning for low memory corruption every 60 seconds
[    0.512285] Initialise system trusted keyrings
[    0.512823] Key type blacklist registered
[    0.513397] workingset: timestamp_bits=36 max_order=19 bucket_order=0
[    0.515312] zbud: loaded
[    0.516295] squashfs: version 4.0 (2009/01/31) Phillip Lougher
[    0.517261] fuse init (API version 7.26)
[    0.519458] Key type asymmetric registered
[    0.520079] Asymmetric key parser 'x509' registered
[    0.520721] Block layer SCSI generic (bsg) driver version 0.4 loaded (major 246)
[    0.521698] io scheduler noop registered
[    0.522246] io scheduler deadline registered
[    0.522866] io scheduler cfq registered (default)
[    0.523680] ACPI: AC Adapter [AC] (off-line)
[    0.524296] input: Power Button as /devices/LNXSYSTM:00/LNXPWRBN:00/input/input0
[    0.525349] ACPI: Power Button [PWRF]
[    0.525877] input: Sleep Button as /devices/LNXSYSTM:00/LNXSLPBN:00/input/input1
[    0.526887] ACPI: Sleep Button [SLPF]
[    0.528037] ACPI: Battery Slot [BAT0] (battery present)
[    0.528180] Serial: 8250/16550 driver, 32 ports, IRQ sharing enabled
[    0.550070] 00:02: ttyS0 at I/O 0x3f8 (irq = 4, base_baud = 115200) is a 16550A
[    0.551889] Linux agpgart interface v0.103
[    0.553283] loop: module loaded
[    0.554143] scsi host0: ata_piix
[    0.554775] scsi host1: ata_piix
[    0.555270] ata1: PATA max UDMA/33 cmd 0x1f0 ctl 0x3f6 bmdma 0xd000 irq 14
[    0.556219] ata2: PATA max UDMA/33 cmd 0x170 ctl 0x376 bmdma 0xd008 irq 15
[    0.557195] libphy: Fixed MDIO Bus: probed
[    0.557786] tun: Universal TUN/TAP device driver, 1.6
[    0.558510] PPP generic driver version 2.4.2
[    0.559140] ehci_hcd: USB 2.0 'Enhanced' Host Controller (EHCI) Driver
[    0.560026] ehci-pci: EHCI PCI platform driver
[    0.560689] ehci-platform: EHCI generic platform driver
[    0.561411] ohci_hcd: USB 1.1 'Open' Host Controller (OHCI) Driver
[    0.562295] ohci-pci: OHCI PCI platform driver
[    0.562940] ohci-platform: OHCI generic platform driver
[    0.563662] uhci_hcd: USB Universal Host Controller Interface driver
[    0.564579] i8042: PNP: PS/2 Controller [PNP0303:PS2K,PNP0f03:PS2M] at 0x60,0x64 irq 1,12
[    0.566133] serio: i8042 KBD port at 0x60,0x64 irq 1
[    0.566898] serio: i8042 AUX port at 0x60,0x64 irq 12
[    0.567646] mousedev: PS/2 mouse device common for all mice
[    0.568616] input: AT Translated Set 2 keyboard as /devices/platform/i8042/serio0/input/input2
[    0.570039] rtc_cmos rtc_cmos: rtc core: registered rtc_cmos as rtc0
[    0.571000] rtc_cmos rtc_cmos: alarms up to one day, 114 bytes nvram
[    0.571868] i2c /dev entries driver
[    0.572434] device-mapper: uevent: version 1.0.3
[    0.573116] device-mapper: ioctl: 4.37.0-ioctl (2017-09-20) initialised: dm-devel@redhat.com
[    0.574548] ledtrig-cpu: registered to indicate activity on CPUs
[    0.575811] NET: Registered protocol family 10
[    0.581063] Segment Routing with IPv6
[    0.581684] NET: Registered protocol family 17
[    0.582423] Key type dns_resolver registered
[    0.583255] mce: Using 0 MCE banks
[    0.583809] RAS: Correctable Errors collector initialized.
[    0.584652] sched_clock: Marking stable (584631596, 0)->(724071990, -139440394)
[    0.586010] registered taskstats version 1
[    0.587449] Loading compiled-in X.509 certificates
[    0.591268] Loaded X.509 cert 'Build time autogenerated kernel key: 408b96eb428cbe545a63e9a677d083d5c6df802b'
[    0.592921] Loaded X.509 cert 'Canonical Ltd. Live Patch Signing: 14df34d1a87cf37625abec039ef2bf521249b969'
[    0.594522] Loaded X.509 cert 'Canonical Ltd. Kernel Module Signing: 88f752e560a1e0737e31163a466ad7b70a850c19'
[    0.595683] blacklist: Loading compiled-in revocation X.509 certificates
[    0.596541] Loaded X.509 cert 'Canonical Ltd. Secure Boot Signing: 61482aa2830d0ab2ad5af10b7250da9033ddcef0'
[    0.597691] zswap: loaded using pool lzo/zbud
[    0.601260] Key type big_key registered
[    0.601837] Key type trusted registered
[    0.603599] Key type encrypted registered
[    0.604258] AppArmor: AppArmor sha1 policy hashing enabled
[    0.605040] ima: No TPM chip found, activating TPM-bypass! (rc=-19)
[    0.605833] ima: Allocated hash algorithm: sha1
[    0.606487] evm: HMAC attrs: 0x1
[    0.607108]   Magic number: 6:163:279
[    0.607702] event_source tracepoint: hash matches
[    0.608411] tty tty16: hash matches
[    0.608944] rtc_cmos rtc_cmos: setting system clock to 2022-01-16 12:16:33 UTC (1642335393)
[    0.610106] BIOS EDD facility v0.16 2004-Jun-25, 0 devices found
[    0.610899] EDD information not available.
[    0.751379] Freeing unused kernel image memory: 2448K
[    0.764488] Write protecting the kernel read-only data: 20480k
[    0.769008] Freeing unused kernel image memory: 2008K
[    0.772193] Freeing unused kernel image memory: 1824K
[    0.795484] x86/mm: Checked W+X mappings: passed, no W+X pages found.
[    0.797434] x86/mm: Checking user space page tables
[    0.809290] x86/mm: Checked W+X mappings: passed, no W+X pages found.
Loading, please wait...
starting version 237
[    0.860681] e1000: Intel(R) PRO/1000 Network Driver - version 7.3.21-k8-NAPI
[    0.861593] e1000: Copyright (c) 1999-2006 Intel Corporation.
[    0.866910] Fusion MPT base driver 3.04.20
[    0.867591] Copyright (c) 1999-2008 LSI Corporation
[    0.887611] AVX2 version of gcm_enc/dec engaged.
[    0.888278] AES CTR mode by8 optimization enabled
[    0.889079] Fusion MPT SPI Host driver 3.04.20
[    1.093948] input: ImExPS/2 Generic Explorer Mouse as /devices/platform/i8042/serio1/input/input4
[    1.483589] e1000 0000:00:03.0 eth0: (PCI:33MHz:32-bit) 02:0f:94:a1:da:7f
[    1.488775] e1000 0000:00:03.0 eth0: Intel(R) PRO/1000 Network Connection
[    1.495931] mptbase: ioc0: Initiating bringup
[    2.547428] ioc0: LSI53C1030 A0: Capabilities={Initiator}
[    5.230312] scsi host2: ioc0: LSI53C1030 A0, FwRev=00000000h, Ports=1, MaxQ=256, IRQ=20
[    7.498436] scsi 2:0:0:0: Direct-Access     VBOX     HARDDISK         1.0  PQ: 0 ANSI: 5
[    7.524098] scsi target2:0:0: Beginning Domain Validation
[    7.525832] scsi target2:0:0: Domain Validation skipping write tests
[    7.526856] scsi target2:0:0: Ending Domain Validation
[    7.527734] scsi target2:0:0: asynchronous
[    7.528711] scsi 2:0:1:0: Direct-Access     VBOX     HARDDISK         1.0  PQ: 0 ANSI: 5
[    7.848242] scsi target2:0:1: Beginning Domain Validation
[    7.850587] random: fast init done
[    7.851303] scsi target2:0:1: Domain Validation skipping write tests
[    7.852332] scsi target2:0:1: Ending Domain Validation
[    7.853821] scsi target2:0:1: asynchronous
[    7.857208] random: systemd-udevd: uninitialized urandom read (16 bytes read)
[    7.858434] sd 2:0:0:0: Attached scsi generic sg0 type 0
[    7.858451] random: systemd-udevd: uninitialized urandom read (16 bytes read)
[    7.860409] random: systemd-udevd: uninitialized urandom read (16 bytes read)
[    7.860629] sd 2:0:1:0: [sdb] 20480 512-byte logical blocks: (10.5 MB/10.0 MiB)
[    7.862387] sd 2:0:1:0: Attached scsi generic sg1 type 0
[    7.863147] sd 2:0:1:0: [sdb] Write Protect is off
[    7.863983] sd 2:0:0:0: [sda] 83886080 512-byte logical blocks: (42.9 GB/40.0 GiB)
[    7.865005] sd 2:0:1:0: [sdb] Incomplete mode parameter data
[    7.866951] sd 2:0:1:0: [sdb] Assuming drive cache: write through
[    7.870286] sd 2:0:0:0: [sda] Write Protect is off
[    7.871312] sd 2:0:0:0: [sda] Incomplete mode parameter data
[    7.872528] sd 2:0:0:0: [sda] Assuming drive cache: write through
[    7.874644]  sda: sda1
[    7.876253] sd 2:0:0:0: [sda] Attached SCSI disk
[    7.877457] sd 2:0:1:0: [sdb] Attached SCSI disk
[    7.879906] e1000 0000:00:08.0 eth1: (PCI:33MHz:32-bit) 08:00:27:db:db:4d
[    7.880958] e1000 0000:00:08.0 eth1: Intel(R) PRO/1000 Network Connection
[    7.883806] e1000 0000:00:03.0 enp0s3: renamed from eth0
[    7.900463] e1000 0000:00:08.0 enp0s8: renamed from eth1
Begin: Loading essential drivers ... [    9.324086] raid6: sse2x1   gen() 11815 MB/s
[    9.372033] raid6: sse2x1   xor()  7249 MB/s
[    9.420043] raid6: sse2x2   gen() 14823 MB/s
[    9.468032] raid6: sse2x2   xor()  9742 MB/s
[    9.516079] raid6: sse2x4   gen() 14931 MB/s
[    9.564028] raid6: sse2x4   xor()  8454 MB/s
[    9.612078] raid6: avx2x1   gen() 24225 MB/s
[    9.660105] raid6: avx2x1   xor() 12623 MB/s
[    9.708124] raid6: avx2x2   gen() 23948 MB/s
[    9.756281] raid6: avx2x2   xor()  9458 MB/s
[    9.804086] raid6: avx2x4   gen() 18477 MB/s
[    9.852096] raid6: avx2x4   xor() 13314 MB/s
[    9.852973] raid6: using algorithm avx2x1 gen() 24225 MB/s
[    9.854137] raid6: .... xor() 12623 MB/s, rmw enabled
[    9.855115] raid6: using avx2x2 recovery algorithm
[    9.857037] xor: automatically using best checksumming function   avx       
[    9.859708] async_tx: api initialized (async)
done.
Begin: Running /scripts/init-premount ... done.
Begin: Mounting root file system ... Begin: Running /scripts/local-top ... done.
Begin: Running /scripts/local-premount ... [    9.913029] Btrfs loaded, crc32c=crc32c-intel
Scanning for Btrfs filesystems
done.
Warning: fsck not present, so skipping root file system
[    9.943335] EXT4-fs (sda1): mounted filesystem with ordered data mode. Opts: (null)
done.
Begin: Running /scripts/local-bottom ... done.
Begin: Running /scripts/init-bottom ... done.
[   10.099620] ip_tables: (C) 2000-2006 Netfilter Core Team
[   10.108472] systemd[1]: systemd 237 running in system mode. (+PAM +AUDIT +SELINUX +IMA +APPARMOR +SMACK +SYSVINIT +UTMP +LIBCRYPTSETUP +GCRYPT +GNUTLS +ACL +XZ +LZ4 +SECCOMP +BLKID +ELFUTILS +KMOD -IDN2 +IDN -PCRE2 default-hierarchy=hybrid)
[   10.112032] systemd[1]: Detected virtualization oracle.
[   10.112965] systemd[1]: Detected architecture x86-64.

Welcome to [1mUbuntu 18.04.6 LTS[0m!

[   10.118836] systemd[1]: Set hostname to <ubuntu-bionic>.
[   10.422425] systemd[1]: Started Forward Password Requests to Wall Directory Watch.
[[0;32m  OK  [0m] Started Forward Password Requests to Wall Directory Watch.
[   10.424855] systemd[1]: Reached target System Time Synchronized.
[[0;32m  OK  [0m] Reached target System Time Synchronized.
[   10.428138] systemd[1]: Created slice User and Session Slice.
[[0;32m  OK  [0m] Created slice User and Session Slice.
[   10.430086] systemd[1]: Set up automount Arbitrary Executable File Formats File System Automount Point.
[[0;32m  OK  [0m] Set up automount Arbitrary Executab…rmats File System Automount Point.
[   10.432738] systemd[1]: Reached target User and Group Name Lookups.
[[0;32m  OK  [0m] Reached target User and Group Name Lookups.
[   10.444521] systemd[1]: Created slice System Slice.
[[0;32m  OK  [0m] Created slice System Slice.
[[0;32m  OK  [0m] Listening on Syslog Socket.
[[0;32m  OK  [0m] Reached target Slices.
[[0;32m  OK  [0m] Listening on Device-mapper event daemon FIFOs.
[[0;32m  OK  [0m] Listening on Network Service Netlink Socket.
[[0;32m  OK  [0m] Listening on Journal Audit Socket.
[[0;32m  OK  [0m] Listening on udev Control Socket.
[[0;32m  OK  [0m] Listening on LVM2 poll daemon socket.
[[0;32m  OK  [0m] Listening on Journal Socket (/dev/log).
[[0;32m  OK  [0m] Listening on Journal Socket.
         Starting Load Kernel Modules...
         Starting Journal Service...
[   10.482995] Loading iSCSI transport class v2.0-870.
         Starting Uncomplicated firewall...
         Mounting POSIX M[   10.490627] iscsi: registered transport (tcp)
essage Queue File System...
         Mounting Huge Pages File System...
         Starting Set the console keyboard layout...
[[0;32m  OK  [0m] Listening on /dev/initctl Compatibility Named Pipe.
         Starting Create list of required st…ce nodes for the current kernel...
[[0;32m  OK  [0m] Listening on udev Kernel Socket.
         Starting udev Coldplug all Devices...
[[0;32m  OK  [0m] Listening on fsck to fsckd communication Socket.
[[0;32m  OK  [0m] Created slice system-serial\x2dgetty.slice.
         Starting File System Check on Root Device...
         Mounting Kernel Debug File System...
[[0;32m  OK  [0m] Listening on LVM2 metadata daemon socket.
         Starting Monitoring of LVM2 mirrors…ng dmeventd or progress polling...
[[0;32m  OK  [0m] Reached target Swap.
[[0;32m  OK  [0m] Started Journal Service.
[[0;32m  OK  [0m] Started Uncomplicated firewall.
[   10.548410] iscsi: registered transport (iser)
[[0;32m  OK  [0m] Started Load Kernel Modules.
         Mounting FUSE Control File System...
         Starting Apply Kernel Variables...
         Mounting Kernel Configuration File System...
[[0;32m  OK  [0m] Started Create list of required sta…vice nodes for the current kernel.
[[0;32m  OK  [0m] Started File System Check Daemon to report status.
         Starting Create Static Device Nodes in /dev...
[[0;32m  OK  [0m] Started udev Coldplug all Devices.
[[0;32m  OK  [0m] Started LVM2 metadata daemon.
[[0;32m  OK  [0m] Mounted POSIX Message Queue File System.
[[0;32m  OK  [0m] Mounted Huge Pages File System.
[[0;32m  OK  [0m] Mounted Kernel Debug File System.
[[0;32m  OK  [0m] Mounted FUSE Control File System.
[[0;32m  OK  [0m] Mounted Kernel Configuration File System.
[[0;32m  OK  [0m] Started File System Check on Root Device.
         Starting Remount Root and Kernel File Systems...
[[0;32m  OK  [0m] Started Create Static Device Nodes in /dev.
[[0;32m  OK  [0m] Started Apply Kernel Variables.
[[0;32m  OK  [0m] Started Remount Root and Kernel File Systems.
         Starting Flush Journal to Persistent Storage...
         Starting Load/Save Random Seed...
         Starting udev Kernel Device Manager...
[[0;32m  OK  [0m] Started Load/Save Random Seed.
[[0;32m  OK  [0m] Started Monitoring of LVM2 mirrors,…sing dmeventd or progress polling.
[[0;32m  OK  [0m] Started Set the console keyboard layout.
[[0;32m  OK  [0m] Reached target Local File Systems (Pre).
[[0;32m  OK  [0m] Reached target Local File Systems.
         Starting Tell Plymouth To Write Out Runtime Data...
         Starting AppArmor initialization...
         Starting Set console font and keymap...
         Starting ebtables ruleset management...
[[0;32m  OK  [0m] Started Tell Plymouth To Write Out Runtime Data.
[[0;32m  OK  [0m] Started udev Kernel Device Manager.
[[0;32m  OK  [0m] Started Dispatch Password Requests to Console Directory Watch.
[[0;32m  OK  [0m] Reached target Local Encrypted Volumes.
[[0;32m  OK  [0m] Started Set console font and keymap.
[[0;32m  OK  [0m] Started Flush Journal to Persistent Storage.
         Starting Create Volatile Files and Directories...
[[0;32m  OK  [0m] Started Create Volatile Files and Directories.
         Starting Update UTMP about System Boot/Shutdown...
[[0;32m  OK  [0m] Started ebtables ruleset management.
[[0;32m  OK  [0m] Started Update UTMP about System Boot/Shutdown.
[[0;32m  OK  [0m] Found device /dev/ttyS0.
[[0;32m  OK  [0m] Listening on Load/Save RF Kill Switch Status /dev/rfkill Watch.
[[0;32m  OK  [0m] Started AppArmor initialization.
         Starting Initial cloud-init job (pre-networking)...
         Starting Load AppArmor profiles managed internally by snapd...
[[0;32m  OK  [0m] Started Load AppArmor profiles managed internally by snapd.
[   12.036004] cloud-init[552]: Cloud-init v. 21.4-0ubuntu1~18.04.1 running 'init-local' at Sun, 16 Jan 2022 12:16:44 +0000. Up 11.86 seconds.
[[0;32m  OK  [0m] Started Initial cloud-init job (pre-networking).
[[0;32m  OK  [0m] Reached target Network (Pre).
         Starting Network Service...
[[0;32m  OK  [0m] Started Network Service.
         Starting Network Name Resolution...
         Starting Wait for Network to be Configured...
[[0;32m  OK  [0m] Started Network Name Resolution.
[[0;32m  OK  [0m] Reached target Network.
[[0;32m  OK  [0m] Reached target Host and Network Name Lookups.
[[0;32m  OK  [0m] Started Wait for Network to be Configured.
         Starting Initial cloud-init job (metadata service crawler)...
[   13.758277] cloud-init[675]: Cloud-init v. 21.4-0ubuntu1~18.04.1 running 'init' at Sun, 16 Jan 2022 12:16:46 +0000. Up 13.66 seconds.
[   13.759798] cloud-init[675]: ci-info: ++++++++++++++++++++++++++++++++++++++Net device info+++++++++++++++++++++++++++++++++++++++
[   13.761296] cloud-init[675]: ci-info: +--------+------+-----------------------------+---------------+--------+-------------------+
[   13.762702] cloud-init[675]: ci-info: | Device |  Up  |           Address           |      Mask     | Scope  |     Hw-Address    |
[   13.763945] cloud-init[675]: ci-info: +--------+------+-----------------------------+---------------+--------+-------------------+
[   13.765159] cloud-init[675]: ci-info: | enp0s3 | True |          10.0.2.15          | 255.255.255.0 | global | 02:0f:94:a1:da:7f |
[   13.766329] cloud-init[675]: ci-info: | enp0s3 | True |  fe80::f:94ff:fea1:da7f/64  |       .       |  link  | 02:0f:94:a1:da:7f |
[   13.767515] cloud-init[675]: ci-info: | enp0s8 | True |        192.168.63.254       | 255.255.255.0 | global | 08:00:27:db:db:4d |
[   13.768683] cloud-init[675]: ci-info: | enp0s8 | True | fe80::a00:27ff:fedb:db4d/64 |       .       |  link  | 08:00:27:db:db:4d |
[   13.770077] cloud-init[675]: ci-info: |   lo   | True |          127.0.0.1          |   255.0.0.0   |  host  |         .         |
[   13.771657] cloud-init[675]: ci-info: |   lo   | True |           ::1/128           |       .       |  host  |         .         |
[   13.780224] cloud-init[675]: ci-info: +--------+------+-----------------------------+---------------+--------+-------------------+
[   13.781448] cloud-init[675]: ci-info: +++++++++++++++++++++++++++++Route IPv4 info+++++++++++++++++++++++++++++
[   13.782556] cloud-init[675]: ci-info: +-------+--------------+----------+-----------------+-----------+-------+
[   13.783695] cloud-init[675]: ci-info: | Route | Destination  | Gateway  |     Genmask     | Interface | Flags |
[   13.784873] cloud-init[675]: ci-info: +-------+--------------+----------+-----------------+-----------+-------+
[   13.785965] cloud-init[675]: ci-info: |   0   |   0.0.0.0    | 10.0.2.2 |     0.0.0.0     |   enp0s3  |   UG  |
[   13.787045] cloud-init[675]: ci-info: |   1   |   10.0.2.0   | 0.0.0.0  |  255.255.255.0  |   enp0s3  |   U   |
[   13.788135] cloud-init[675]: ci-info: |   2   |   10.0.2.2   | 0.0.0.0  | 255.255.255.255 |   enp0s3  |   UH  |
[   13.789241] cloud-init[675]: ci-info: |   3   | 192.168.63.0 | 0.0.0.0  |  255.255.255.0  |   enp0s8  |   U   |
[   13.790286] cloud-init[675]: ci-info: +-------+--------------+----------+-----------------+-----------+-------+
[   13.791314] cloud-init[675]: ci-info: +++++++++++++++++++Route IPv6 info+++++++++++++++++++
[   13.792216] cloud-init[675]: ci-info: +-------+-------------+---------+-----------+-------+
[   13.793091] cloud-init[675]: ci-info: | Route | Destination | Gateway | Interface | Flags |
[   13.793957] cloud-init[675]: ci-info: +-------+-------------+---------+-----------+-------+
[   13.794821] cloud-init[675]: ci-info: |   1   |  fe80::/64  |    ::   |   enp0s8  |   U   |
[   13.795677] cloud-init[675]: ci-info: |   2   |  fe80::/64  |    ::   |   enp0s3  |   U   |
[   13.796549] cloud-init[675]: ci-info: |   4   |    local    |    ::   |   enp0s3  |   U   |
[   13.797407] cloud-init[675]: ci-info: |   5   |    local    |    ::   |   enp0s8  |   U   |
[   13.798304] cloud-init[675]: ci-info: |   6   |   ff00::/8  |    ::   |   enp0s8  |   U   |
[   13.799249] cloud-init[675]: ci-info: |   7   |   ff00::/8  |    ::   |   enp0s3  |   U   |
[   13.800220] cloud-init[675]: ci-info: +-------+-------------+---------+-----------+-------+
[[0;32m  OK  [0m] Started Initial cloud-init job (metadata service crawler).
[[0;32m  OK  [0m] Reached target Cloud-config availability.
[[0;32m  OK  [0m] Reached target Network is Online.
         Starting Availability of block devices...
[[0;32m  OK  [0m] Reached target Remote File Systems (Pre).
         Mounting /vagrant...
         Mounting /configs...
[[0;32m  OK  [0m] Reached target System Initialization.
[[0;32m  OK  [0m] Started Daily Cleanup of Temporary Directories.
[[0;32m  OK  [0m] Started Daily apt download activities.
         Starting Docker Socket for the API.
[[0;32m  OK  [0m] Listening on UUID daemon activation socket.
[[0;32m  OK  [0m] Started Daily apt upgrade and clean activities.
[[0;32m  OK  [0m] Started ACPI Events Check.
[[0;32m  OK  [0m] Started Ubuntu Advantage Timer for running repeated jobs.
[[0;32m  OK  [0m] Started Message of the Day.
[[0;32m  OK  [0m] Started Trigger to poll for Ubuntu …(Only enabled on GCP LTS non-pro).
[[0;32m  OK  [0m] Reached target Paths.
         Starting Socket activation for snappy daemon.
[[0;32m  OK  [0m] Listening on ACPID Listen Socket.
[[0;32m  OK  [0m] Listening on D-Bus System Message Bus Socket.
[[0;32m  OK  [0m] Listening on Open-iSCSI iscsid Socket.
         Starting LXD - unix socket.
[[0;32m  OK  [0m] Started Discard unused blocks once a week.
[[0;32m  OK  [0m] Reached target Timers.
[[0;32m  OK  [0m] Listening on cloud-init hotplug hook socket.
[[0;32m  OK  [0m] Started Availability of block devices.
[[0;32m  OK  [0m] Mounted /vagrant.
[[0;32m  OK  [0m] Mounted /configs.
[[0;32m  OK  [0m] Listening on Docker Socket for the API.
[[0;32m  OK  [0m] Listening on Socket activation for snappy daemon.
[[0;32m  OK  [0m] Listening on LXD - unix socket.
[[0;32m  OK  [0m] Reached target Sockets.
[[0;32m  OK  [0m] Reached target Basic System.
[[0;32m  OK  [0m] Started Deferred execution scheduler.
         Starting Message of the Day...
         Starting Accounts Service...
         Starting LSB: Record successful boot for GRUB...
[[0;32m  OK  [0m] Started FUSE filesystem for LXC.
         Starting System Logging Service...
         Starting Login Service...
         Starting LXD - container startup/shutdown...
         Starting containerd container runtime...
         Starting Dispatcher daemon for systemd-networkd...
[[0;32m  OK  [0m] Started irqbalance daemon.
         Starting Snap Daemon...
         Starting MySQL Community Server...
[[0;32m  OK  [0m] Started D-Bus System Message Bus.
[[0;32m  OK  [0m] Started Login Service.
[[0;32m  OK  [0m] Started Unattended Upgrades Shutdown.
         Starting Virtualbox guest utils...
         Starting OpenBSD Secure Shell server...
[[0;32m  OK  [0m] Started Regular background program processing daemon.
[[0;32m  OK  [0m] Reached target Remote File Systems.
         Starting LSB: Linux init script for swapspace...
         Starting LSB: Start Jenkins at boot time...
         Starting LSB: automatic crash report generation...
         Starting Permit User Sessions...
[[0;32m  OK  [0m] Started System Logging Service.
[[0;32m  OK  [0m] Started LXD - container startup/shutdown.
[[0;32m  OK  [0m] Started Permit User Sessions.
         Starting Terminate Plymouth Boot Screen...
         Starting Hold until boot process finishes up...
         Starting Authorization Manager...
[[0;32m  OK  [0m] Started Hold until boot process finishes up.
         Starting Set console scheme...
[[0;32m  OK  [0m] Started Serial Getty on ttyS0.
[[0;32m  OK  [0m] Started Terminate Plymouth Boot Screen.
[[0;32m  OK  [0m] Started LSB: Linux init script for swapspace.
[[0;32m  OK  [0m] Started Authorization Manager.
[[0;32m  OK  [0m] Started Accounts Service.
[[0;32m  OK  [0m] Started Set console scheme.
[[0;32m  OK  [0m] Created slice system-getty.slice.
[[0;32m  OK  [0m] Started Getty on tty1.
[[0;32m  OK  [0m] Reached target Login Prompts.
[[0;32m  OK  [0m] Started OpenBSD Secure Shell server.
[[0;32m  OK  [0m] Started LSB: Record successful boot for GRUB.
[[0;32m  OK  [0m] Started LSB: automatic crash report generation.
[[0;32m  OK  [0m] Started Virtualbox guest utils.
[[0;32m  OK  [0m] Started Dispatcher daemon for systemd-networkd.
[[0;32m  OK  [0m] Started Snap Daemon.
         Starting Wait until snapd is fully seeded...
[[0;32m  OK  [0m] Started Wait until snapd is fully seeded.
         Starting Apply the settings specified in cloud-config...
[[0;32m  OK  [0m] Started containerd container runtime.
         Starting Docker Application Container Engine...
[   15.813462] cloud-init[1188]: Cloud-init v. 21.4-0ubuntu1~18.04.1 running 'modules:config' at Sun, 16 Jan 2022 12:16:48 +0000. Up 15.66 seconds.
[[0;32m  OK  [0m] Started Apply the settings specified in cloud-config.
[[0;32m  OK  [0m] Created slice User Slice of jenkins.
[[0;32m  OK  [0m] Started MySQL Community Server.
         Starting User Manager for UID 112...
[[0;32m  OK  [0m] Started Session c1 of user jenkins.
[[0;32m  OK  [0m] Started User Manager for UID 112.
[[0;32m  OK  [0m] Started LSB: Start Jenkins at boot time.
[[0;32m  OK  [0m] Created slice User Slice of vagrant.
         Starting User Manager for UID 1000...
[[0;32m  OK  [0m] Started Session 2 of user vagrant.
[[0;32m  OK  [0m] Started User Manager for UID 1000.

Ubuntu 18.04.6 LTS ubuntu-bionic ttyS0

ubuntu-bionic login: [   33.866446] cloud-init[2159]: Cloud-init v. 21.4-0ubuntu1~18.04.1 running 'modules:final' at Sun, 16 Jan 2022 12:17:06 +0000. Up 33.74 seconds.
[   33.869713] cloud-init[2159]: Cloud-init v. 21.4-0ubuntu1~18.04.1 finished at Sun, 16 Jan 2022 12:17:06 +0000. Datasource DataSourceNoCloud [seed=/dev/sdb][dsmode=net].  Up 33.85 seconds
[
         Stopping LSB: Start Jenkins at boot time...
         Stopping MySQL Community Server...
         Stopping Deferred execution scheduler...
         Stopping Accounts Service...
         Stopping LSB: Linux init script for swapspace...
[[0;32m  OK  [0m] Stopped Daily apt download activities.
[[0;32m  OK  [0m] Stopped target System Time Synchronized.
[[0;32m  OK  [0m] Unmounted /var/lib/lxcfs.
[[0;32m  OK  [0m] Stopped Deferred execution scheduler.
[[0;32m  OK  [0m] Stopped Dispatcher daemon for systemd-networkd.
[[0;32m  OK  [0m] Stopped irqbalance daemon.
[[0;32m  OK  [0m] Stopped Regular background program processing daemon.
[[0;32m  OK  [0m] Stopped Accounts Service.
[[0;32m  OK  [0m] Stopped System Logging Service.
[[0;32m  OK  [0m] Stopped Authorization Manager.
[[0;32m  OK  [0m] Stopped Serial Getty on ttyS0.
[[0;32m  OK  [0m] Stopped Getty on tty1.
[[0;32m  OK  [0m] Stopped OpenBSD Secure Shell server.
[[0;32m  OK  [0m] Stopped User Manager for UID 112.
[[0;32m  OK  [0m] Stopped User Manager for UID 1000.
[[0;32m  OK  [0m] Stopped D-Bus System Message Bus.
[[0;32m  OK  [0m] Stopped FUSE filesystem for LXC.
[[0;32m  OK  [0m] Stopped Session 10 of user vagrant.
[[0;32m  OK  [0m] Removed slice User Slice of vagrant.
[[0;32m  OK  [0m] Removed slice system-getty.slice.
[[0;32m  OK  [0m] Removed slice system-serial\x2dgetty.slice.
[[0;32m  OK  [0m] Stopped LXD - container startup/shutdown.
[[0;32m  OK  [0m] Stopped Availability of block devices.
[[0;32m  OK  [0m] Unmounted /run/user/1000.
[[0;32m  OK  [0m] Stopped LSB: Record successful boot for GRUB.
[[0;32m  OK  [0m] Stopped LSB: automatic crash report generation.
[[0;32m  OK  [0m] Stopped LSB: Linux init script for swapspace.
[[0;32m  OK  [0m] Stopped Virtualbox guest utils.
[[0;32m  OK  [0m] Unmounted /run/docker/netns/e028764248d7.
[[0;32m  OK  [0m] Unmounted /var/lib/docker/overlay2/…875042bfc44a296bd81f25e94b/merged.
[[0;32m  OK  [0m] Unmounted /run/docker/netns/a583f4c3a451.
[[0;32m  OK  [0m] Stopped Session c1 of user jenkins.
[[0;32m  OK  [0m] Removed slice User Slice of jenkins.
         Stopping Permit User Sessions...
         Stopping Login Service...
[[0;32m  OK  [0m] Stopped Permit User Sessions.
[[0;32m  OK  [0m] Unmounted /var/lib/docker/overlay2/…681c4ce303a0f2e9a8116cc6ff/merged.
[[0;32m  OK  [0m] Stopped Docker Application Container Engine.
         Stopping containerd container runtime...
[[0;32m  OK  [0m] Stopped containerd container runtime.
[[0;32m  OK  [0m] Stopped Login Service.
[[0;32m  OK  [0m] Stopped target User and Group Name Lookups.
[[0;32m  OK  [0m] Stopped LSB: Start Jenkins at boot time.
[[0;32m  OK  [0m] Stopped target Remote File Systems.
         Unmounting /configs...
         Unmounting /vagrant...
[[0;32m  OK  [0m] Unmounted /vagrant.
[[0;32m  OK  [0m] Unmounted /configs.
[[0;32m  OK  [0m] Stopped target Network is Online.
[[0;32m  OK  [0m] Stopped target Remote File Systems (Pre).
[[0;32m  OK  [0m] Stopped MySQL Community Server.
[[0;32m  OK  [0m] Stopped target Basic System.
[[0;32m  OK  [0m] Stopped target Paths.
[[0;32m  OK  [0m] Stopped ACPI Events Check.
[[0;32m  OK  [0m] Stopped Trigger to poll for Ubuntu …(Only enabled on GCP LTS non-pro).
[[0;32m  OK  [0m] Stopped target Sockets.
[[0;32m  OK  [0m] Closed D-Bus System Message Bus Socket.
[[0;32m  OK  [0m] Closed Socket activation for snappy daemon.
[[0;32m  OK  [0m] Closed Docker Socket for the API.
[[0;32m  OK  [0m] Closed ACPID Listen Socket.
[[0;32m  OK  [0m] Closed Open-iSCSI iscsid Socket.
[[0;32m  OK  [0m] Closed UUID daemon activation socket.
[[0;32m  OK  [0m] Closed LXD - unix socket.
[[0;32m  OK  [0m] Closed cloud-init hotplug hook socket.
[[0;32m  OK  [0m] Closed Syslog Socket.
[[0;32m  OK  [0m] Stopped target System Initialization.
         Stopping Update UTMP about System Boot/Shutdown...
[[0;32m  OK  [0m] Stopped Initial cloud-init job (metadata service crawler).
         Stopping Load/Save Random Seed...
[[0;32m  OK  [0m] Stopped target Local Encrypted Volumes.
[[0;32m  OK  [0m] Stopped Forward Password Requests to Wall Directory Watch.
[[0;32m  OK  [0m] Stopped Dispatch Password Requests to Console Directory Watch.
[[0;32m  OK  [0m] Stopped target Slices.
[[0;32m  OK  [0m] Removed slice User and Session Slice.
[[0;32m  OK  [0m] Stopped target Network.
         Stopping Network Name Resolution...
[[0;32m  OK  [0m] Stopped Update UTMP about System Boot/Shutdown.
[[0;32m  OK  [0m] Stopped Network Name Resolution.
[[0;32m  OK  [0m] Stopped Load/Save Random Seed.
         Stopping Network Service...
[[0;32m  OK  [0m] Stopped Create Volatile Files and Directories.
[[0;32m  OK  [0m] Stopped target Local File Systems.
         Unmounting /run/user/112...
[[0;32m  OK  [0m] Unmounted /run/user/112.
[[0;32m  OK  [0m] Reached target Unmount All Filesystems.
[[0;32m  OK  [0m] Stopped target Local File Systems (Pre).
[[0;32m  OK  [0m] Stopped Create Static Device Nodes in /dev.
         Stopping Monitoring of LVM2 mirrors…ng dmeventd or progress polling...
[[0;32m  OK  [0m] Stopped target Swap.
[[0;32m  OK  [0m] Stopped Network Service.
[[0;32m  OK  [0m] Stopped Apply Kernel Variables.
[[0;32m  OK  [0m] Stopped Load Kernel Modules.
[[0;32m  OK  [0m] Stopped target Network (Pre).
[[0;32m  OK  [0m] Stopped Initial cloud-init job (pre-networking).
[[0;32m  OK  [0m] Stopped Remount Root and Kernel File Systems.
[[0;32m  OK  [0m] Reached target Shutdown.
[[0;32m  OK  [0m] Reached target Final Step.
         Starting Power-Off...
[[0;32m  OK  [0m] Stopped Monitoring of LVM2 mirrors,…sing dmeventd or progress polling.
         Stopping LVM2 metadata daemon...
[[0;32m  OK  [0m] Stopped LVM2 metadata daemon.
[12319.916606] reboot: Power down
